c:\users\maciej\desktop\3_sem\ako\laby4\laby4\laby4\debug\vc143.pdb
c:\users\maciej\desktop\3_sem\ako\laby4\laby4\laby4\debug\vc143.idb
c:\users\maciej\desktop\3_sem\ako\laby4\laby4\laby4\debug\oblicz.obj
c:\users\maciej\desktop\3_sem\ako\laby4\laby4\debug\laby4.exe
c:\users\maciej\desktop\3_sem\ako\laby4\laby4\laby4\debug\laby4.ilk
c:\users\maciej\desktop\3_sem\ako\laby4\laby4\debug\laby4.pdb
c:\users\maciej\desktop\3_sem\ako\laby4\laby4\laby4\debug\podaj_m.obj
c:\users\maciej\desktop\3_sem\ako\laby4\laby4\laby4\debug\laby4.tlog\cl.command.1.tlog
c:\users\maciej\desktop\3_sem\ako\laby4\laby4\laby4\debug\laby4.tlog\cl.items.tlog
c:\users\maciej\desktop\3_sem\ako\laby4\laby4\laby4\debug\laby4.tlog\cl.read.1.tlog
c:\users\maciej\desktop\3_sem\ako\laby4\laby4\laby4\debug\laby4.tlog\cl.write.1.tlog
c:\users\maciej\desktop\3_sem\ako\laby4\laby4\laby4\debug\laby4.tlog\link.32076-cvtres.read.1.tlog
c:\users\maciej\desktop\3_sem\ako\laby4\laby4\laby4\debug\laby4.tlog\link.32076-cvtres.write.1.tlog
c:\users\maciej\desktop\3_sem\ako\laby4\laby4\laby4\debug\laby4.tlog\link.32076-rc.read.1.tlog
c:\users\maciej\desktop\3_sem\ako\laby4\laby4\laby4\debug\laby4.tlog\link.32076-rc.write.1.tlog
c:\users\maciej\desktop\3_sem\ako\laby4\laby4\laby4\debug\laby4.tlog\link.32076.read.1.tlog
c:\users\maciej\desktop\3_sem\ako\laby4\laby4\laby4\debug\laby4.tlog\link.32076.write.1.tlog
c:\users\maciej\desktop\3_sem\ako\laby4\laby4\laby4\debug\laby4.tlog\link.command.1.tlog
c:\users\maciej\desktop\3_sem\ako\laby4\laby4\laby4\debug\laby4.tlog\link.read.1.tlog
c:\users\maciej\desktop\3_sem\ako\laby4\laby4\laby4\debug\laby4.tlog\link.write.1.tlog
c:\users\maciej\desktop\3_sem\ako\laby4\laby4\laby4\debug\laby4.tlog\masm.read.1u.tlog
c:\users\maciej\desktop\3_sem\ako\laby4\laby4\laby4\debug\laby4.tlog\masm.write.1u.tlog
